2025-03-04 16:33:12 - INFO - [340656] - 📤 Enviado dados: {'temperature': 39.0, 'hardware': 340656, 'uptime': 269936.91, 'credit': 0, 'salescounter': 8}
2025-03-04 16:33:43 - INFO - [340656] - 🔌 Conectando ao servidor MQTT...
2025-03-04 16:33:43 - INFO - [340656] - Server: mqtt.eclipseprojects.io
2025-03-04 16:33:43 - INFO - [340656] - Port: 1883
2025-03-04 16:33:43 - INFO - [340656] - Topic: express/340656/publish
2025-03-04 16:33:48 - INFO - [340656] - ✅ Conectado ao MQTT com sucesso!
2025-03-04 16:33:49 - INFO - [340656] - 📤 Enviado dados: {'temperature': 39.062, 'hardware': 340656, 'uptime': 32.54, 'credit': 0, 'salescounter': 8}
2025-03-04 16:34:00 - INFO - [340656] - 📤 Enviado dados: {'temperature': 39.125, 'hardware': 340656, 'uptime': 43.5, 'credit': 0, 'salescounter': 8}
2025-03-04 16:34:27 - INFO - [340656] - 📤 Enviado dados: {'temperature': 39.125, 'hardware': 340656, 'uptime': 54.5, 'credit': 0, 'salescounter': 8}
2025-03-04 16:34:38 - INFO - [340656] - 📤 Enviado dados: {'temperature': 39.187, 'hardware': 340656, 'uptime': 65.41, 'credit': 0, 'salescounter': 8}
2025-03-04 16:34:49 - INFO - [340656] - 📤 Enviado dados: {'temperature': 39.187, 'hardware': 340656, 'uptime': 76.39, 'credit': 0, 'salescounter': 8}
2025-03-04 16:35:00 - INFO - [340656] - 📤 Enviado dados: {'temperature': 39.187, 'hardware': 340656, 'uptime': 87.35, 'credit': 0, 'salescounter': 8}
2025-03-04 16:35:12 - INFO - [340656] - 📤 Enviado dados: {'temperature': 39.187, 'hardware': 340656, 'uptime': 98.92, 'credit': 0, 'salescounter': 8}
2025-03-04 16:35:23 - INFO - [340656] - 📤 Enviado dados: {'temperature': 39.25, 'hardware': 340656, 'uptime': 110.66, 'credit': 0, 'salescounter': 8}
2025-03-04 16:35:35 - INFO - [340656] - 📤 Enviado dados: {'temperature': 39.25, 'hardware': 340656, 'uptime': 122.41, 'credit': 0, 'salescounter': 8}
2025-03-04 16:35:46 - INFO - [340656] - 📤 Enviado dados: {'temperature': 39.25, 'hardware': 340656, 'uptime': 133.33, 'credit': 0, 'salescounter': 8}
2025-03-04 16:35:57 - INFO - [340656] - 📤 Enviado dados: {'temperature': 39.312, 'hardware': 340656, 'uptime': 144.3, 'credit': 0, 'salescounter': 8}
2025-03-04 16:36:08 - INFO - [340656] - 📤 Enviado dados: {'temperature': 39.312, 'hardware': 340656, 'uptime': 155.24, 'credit': 0, 'salescounter': 8}
2025-03-04 16:36:19 - INFO - [340656] - 📤 Enviado dados: {'temperature': 39.375, 'hardware': 340656, 'uptime': 166.2, 'credit': 0, 'salescounter': 8}
2025-03-04 16:36:30 - INFO - [340656] - 📤 Enviado dados: {'temperature': 39.375, 'hardware': 340656, 'uptime': 177.13, 'credit': 0, 'salescounter': 8}
2025-03-04 16:36:41 - INFO - [340656] - 📤 Enviado dados: {'temperature': 39.375, 'hardware': 340656, 'uptime': 188.09, 'credit': 0, 'salescounter': 8}
2025-03-04 16:36:52 - INFO - [340656] - 📤 Enviado dados: {'temperature': 39.312, 'hardware': 340656, 'uptime': 199.74, 'credit': 0, 'salescounter': 8}
2025-03-04 16:37:04 - INFO - [340656] - 📤 Enviado dados: {'temperature': 39.375, 'hardware': 340656, 'uptime': 211.5, 'credit': 0, 'salescounter': 8}
2025-03-04 16:37:15 - INFO - [340656] - 📤 Enviado dados: {'temperature': 39.25, 'hardware': 340656, 'uptime': 222.46, 'credit': 0, 'salescounter': 8}
2025-03-04 16:37:26 - INFO - [340656] - 📤 Enviado dados: {'temperature': 39.312, 'hardware': 340656, 'uptime': 233.4, 'credit': 0, 'salescounter': 8}
2025-03-04 16:37:37 - INFO - [340656] - 📤 Enviado dados: {'temperature': 39.375, 'hardware': 340656, 'uptime': 244.35, 'credit': 0, 'salescounter': 8}
2025-03-04 16:37:48 - INFO - [340656] - 📤 Enviado dados: {'temperature': 39.375, 'hardware': 340656, 'uptime': 255.34, 'credit': 0, 'salescounter': 8}
2025-03-04 16:37:59 - INFO - [340656] - 📤 Enviado dados: {'temperature': 39.375, 'hardware': 340656, 'uptime': 266.32, 'credit': 0, 'salescounter': 8}
2025-03-04 16:38:10 - INFO - [340656] - 📤 Enviado dados: {'temperature': 39.437, 'hardware': 340656, 'uptime': 277.29, 'credit': 0, 'salescounter': 8}
2025-03-04 16:38:21 - INFO - [340656] - 📤 Enviado dados: {'temperature': 39.375, 'hardware': 340656, 'uptime': 288.89, 'credit': 0, 'salescounter': 8}
2025-03-04 16:38:32 - INFO - [340656] - 📤 Enviado dados: {'temperature': 39.312, 'hardware': 340656, 'uptime': 299.83, 'credit': 0, 'salescounter': 8}
2025-03-04 16:38:43 - INFO - [340656] - 📤 Enviado dados: {'temperature': 39.375, 'hardware': 340656, 'uptime': 310.8, 'credit': 0, 'salescounter': 8}
2025-03-04 16:38:54 - INFO - [340656] - 📤 Enviado dados: {'temperature': 39.312, 'hardware': 340656, 'uptime': 321.78, 'credit': 0, 'salescounter': 8}
2025-03-04 16:39:05 - INFO - [340656] - 📤 Enviado dados: {'temperature': 39.312, 'hardware': 340656, 'uptime': 332.75, 'credit': 0, 'salescounter': 8}
2025-03-04 16:39:16 - INFO - [340656] - 📤 Enviado dados: {'temperature': 39.312, 'hardware': 340656, 'uptime': 343.72, 'credit': 0, 'salescounter': 8}
2025-03-04 16:39:27 - INFO - [340656] - 📤 Enviado dados: {'temperature': 39.312, 'hardware': 340656, 'uptime': 354.66, 'credit': 0, 'salescounter': 8}
2025-03-04 16:39:39 - INFO - [340656] - 📤 Enviado dados: {'temperature': 39.312, 'hardware': 340656, 'uptime': 366.27, 'credit': 0, 'salescounter': 8}
2025-03-04 16:39:50 - INFO - [340656] - 📤 Enviado dados: {'temperature': 39.312, 'hardware': 340656, 'uptime': 377.2, 'credit': 0, 'salescounter': 8}
2025-03-04 16:40:01 - INFO - [340656] - 📤 Enviado dados: {'temperature': 39.187, 'hardware': 340656, 'uptime': 388.16, 'credit': 0, 'salescounter': 8}
2025-03-04 16:40:12 - INFO - [340656] - 📤 Enviado dados: {'temperature': 39.187, 'hardware': 340656, 'uptime': 399.11, 'credit': 0, 'salescounter': 8}
2025-03-04 16:40:23 - INFO - [340656] - 📤 Enviado dados: {'temperature': 39.187, 'hardware': 340656, 'uptime': 410.1, 'credit': 0, 'salescounter': 8}
2025-03-04 16:40:34 - INFO - [340656] - 📤 Enviado dados: {'temperature': 39.187, 'hardware': 340656, 'uptime': 421.06, 'credit': 0, 'salescounter': 8}
2025-03-04 16:40:45 - INFO - [340656] - 📤 Enviado dados: {'temperature': 39.187, 'hardware': 340656, 'uptime': 432.02, 'credit': 0, 'salescounter': 8}
2025-03-04 16:40:56 - INFO - [340656] - 📤 Enviado dados: {'temperature': 39.187, 'hardware': 340656, 'uptime': 443.54, 'credit': 0, 'salescounter': 8}
2025-03-04 16:41:08 - INFO - [340656] - 📤 Enviado dados: {'temperature': 39.187, 'hardware': 340656, 'uptime': 455.3, 'credit': 0, 'salescounter': 8}
2025-03-04 16:41:19 - INFO - [340656] - 📤 Enviado dados: {'temperature': 39.312, 'hardware': 340656, 'uptime': 466.28, 'credit': 0, 'salescounter': 8}
2025-03-04 16:41:30 - INFO - [340656] - 📤 Enviado dados: {'temperature': 39.25, 'hardware': 340656, 'uptime': 477.24, 'credit': 0, 'salescounter': 8}
2025-03-04 16:41:41 - INFO - [340656] - 📤 Enviado dados: {'temperature': 39.312, 'hardware': 340656, 'uptime': 488.22, 'credit': 0, 'salescounter': 8}
2025-03-04 16:41:52 - INFO - [340656] - 📤 Enviado dados: {'temperature': 39.312, 'hardware': 340656, 'uptime': 499.17, 'credit': 0, 'salescounter': 8}
2025-03-04 16:42:03 - INFO - [340656] - 📤 Enviado dados: {'temperature': 39.312, 'hardware': 340656, 'uptime': 510.11, 'credit': 0, 'salescounter': 8}
2025-03-04 16:42:14 - INFO - [340656] - 📤 Enviado dados: {'temperature': 39.312, 'hardware': 340656, 'uptime': 521.08, 'credit': 0, 'salescounter': 8}
2025-03-04 16:42:25 - INFO - [340656] - 📤 Enviado dados: {'temperature': 39.25, 'hardware': 340656, 'uptime': 532.64, 'credit': 0, 'salescounter': 8}
2025-03-04 16:42:36 - INFO - [340656] - 📤 Enviado dados: {'temperature': 39.25, 'hardware': 340656, 'uptime': 543.56, 'credit': 0, 'salescounter': 8}
2025-03-04 16:42:47 - INFO - [340656] - 📤 Enviado dados: {'temperature': 39.312, 'hardware': 340656, 'uptime': 554.51, 'credit': 0, 'salescounter': 8}
2025-03-04 16:42:58 - INFO - [340656] - 📤 Enviado dados: {'temperature': 39.312, 'hardware': 340656, 'uptime': 565.5, 'credit': 0, 'salescounter': 8}
2025-03-04 16:43:09 - INFO - [340656] - 📤 Enviado dados: {'temperature': 39.25, 'hardware': 340656, 'uptime': 576.46, 'credit': 0, 'salescounter': 8}
2025-03-04 16:43:20 - INFO - [340656] - 📤 Enviado dados: {'temperature': 39.25, 'hardware': 340656, 'uptime': 587.38, 'credit': 0, 'salescounter': 8}
2025-03-04 16:43:31 - INFO - [340656] - 📤 Enviado dados: {'temperature': 39.25, 'hardware': 340656, 'uptime': 598.31, 'credit': 0, 'salescounter': 8}
2025-03-04 16:43:43 - INFO - [340656] - 📤 Enviado dados: {'temperature': 39.312, 'hardware': 340656, 'uptime': 609.97, 'credit': 0, 'salescounter': 8}
2025-03-04 16:43:53 - INFO - [340656] - 📤 Enviado dados: {'temperature': 39.312, 'hardware': 340656, 'uptime': 620.85, 'credit': 0, 'salescounter': 8}
2025-03-04 16:44:04 - INFO - [340656] - 📤 Enviado dados: {'temperature': 39.375, 'hardware': 340656, 'uptime': 631.79, 'credit': 0, 'salescounter': 8}
2025-03-04 16:44:15 - INFO - [340656] - 📤 Enviado dados: {'temperature': 39.312, 'hardware': 340656, 'uptime': 642.73, 'credit': 0, 'salescounter': 8}
2025-03-04 16:44:26 - INFO - [340656] - 📤 Enviado dados: {'temperature': 39.25, 'hardware': 340656, 'uptime': 653.68, 'credit': 0, 'salescounter': 8}
2025-03-04 16:44:37 - INFO - [340656] - 📤 Enviado dados: {'temperature': 39.375, 'hardware': 340656, 'uptime': 664.65, 'credit': 0, 'salescounter': 8}
2025-03-04 16:44:48 - INFO - [340656] - 📤 Enviado dados: {'temperature': 39.312, 'hardware': 340656, 'uptime': 675.6, 'credit': 0, 'salescounter': 8}
2025-03-04 16:44:59 - INFO - [340656] - 📤 Enviado dados: {'temperature': 39.25, 'hardware': 340656, 'uptime': 686.51, 'credit': 0, 'salescounter': 8}
2025-03-04 16:45:10 - INFO - [340656] - 📤 Enviado dados: {'temperature': 39.187, 'hardware': 340656, 'uptime': 697.49, 'credit': 0, 'salescounter': 8}
2025-03-04 16:45:21 - INFO - [340656] - 📤 Enviado dados: {'temperature': 39.187, 'hardware': 340656, 'uptime': 708.43, 'credit': 0, 'salescounter': 8}
2025-03-04 16:45:32 - INFO - [340656] - 📤 Enviado dados: {'temperature': 39.25, 'hardware': 340656, 'uptime': 719.41, 'credit': 0, 'salescounter': 8}
2025-03-04 16:45:43 - INFO - [340656] - 📤 Enviado dados: {'temperature': 39.25, 'hardware': 340656, 'uptime': 730.42, 'credit': 0, 'salescounter': 8}
2025-03-04 16:45:54 - INFO - [340656] - 📤 Enviado dados: {'temperature': 39.25, 'hardware': 340656, 'uptime': 741.39, 'credit': 0, 'salescounter': 8}
2025-03-04 16:46:05 - INFO - [340656] - 📤 Enviado dados: {'temperature': 39.187, 'hardware': 340656, 'uptime': 752.88, 'credit': 0, 'salescounter': 8}
2025-03-04 16:46:16 - INFO - [340656] - 📤 Enviado dados: {'temperature': 39.125, 'hardware': 340656, 'uptime': 763.84, 'credit': 0, 'salescounter': 8}
2025-03-04 16:46:27 - INFO - [340656] - 📤 Enviado dados: {'temperature': 39.125, 'hardware': 340656, 'uptime': 774.81, 'credit': 0, 'salescounter': 8}
2025-03-04 16:46:38 - INFO - [340656] - 📤 Enviado dados: {'temperature': 39.187, 'hardware': 340656, 'uptime': 785.78, 'credit': 0, 'salescounter': 8}
2025-03-04 16:46:49 - INFO - [340656] - 📤 Enviado dados: {'temperature': 39.125, 'hardware': 340656, 'uptime': 796.73, 'credit': 0, 'salescounter': 8}
2025-03-04 16:47:00 - INFO - [340656] - 📤 Enviado dados: {'temperature': 39.125, 'hardware': 340656, 'uptime': 807.65, 'credit': 0, 'salescounter': 8}
2025-03-04 16:47:11 - INFO - [340656] - 📤 Enviado dados: {'temperature': 39.062, 'hardware': 340656, 'uptime': 818.59, 'credit': 0, 'salescounter': 8}
2025-03-04 16:47:23 - INFO - [340656] - 📤 Enviado dados: {'temperature': 39.062, 'hardware': 340656, 'uptime': 830.19, 'credit': 0, 'salescounter': 8}
2025-03-04 16:47:34 - INFO - [340656] - 📤 Enviado dados: {'temperature': 39.125, 'hardware': 340656, 'uptime': 841.13, 'credit': 0, 'salescounter': 8}
2025-03-04 16:47:45 - INFO - [340656] - 📤 Enviado dados: {'temperature': 39.125, 'hardware': 340656, 'uptime': 852.07, 'credit': 0, 'salescounter': 8}
2025-03-04 16:47:56 - INFO - [340656] - 📤 Enviado dados: {'temperature': 39.187, 'hardware': 340656, 'uptime': 863.04, 'credit': 0, 'salescounter': 8}
2025-03-04 16:48:07 - INFO - [340656] - 📤 Enviado dados: {'temperature': 39.187, 'hardware': 340656, 'uptime': 874.0, 'credit': 0, 'salescounter': 8}
2025-03-04 16:48:18 - INFO - [340656] - 📤 Enviado dados: {'temperature': 39.187, 'hardware': 340656, 'uptime': 884.96, 'credit': 0, 'salescounter': 8}
2025-03-04 16:48:29 - INFO - [340656] - 📤 Enviado dados: {'temperature': 39.187, 'hardware': 340656, 'uptime': 895.91, 'credit': 0, 'salescounter': 8}
2025-03-04 16:48:40 - INFO - [340656] - 📤 Enviado dados: {'temperature': 39.25, 'hardware': 340656, 'uptime': 907.52, 'credit': 0, 'salescounter': 8}
2025-03-04 16:48:51 - INFO - [340656] - 📤 Enviado dados: {'temperature': 39.25, 'hardware': 340656, 'uptime': 918.48, 'credit': 0, 'salescounter': 8}
2025-03-04 16:49:02 - INFO - [340656] - 📤 Enviado dados: {'temperature': 39.312, 'hardware': 340656, 'uptime': 929.46, 'credit': 0, 'salescounter': 8}
2025-03-04 16:49:13 - INFO - [340656] - 📤 Enviado dados: {'temperature': 39.25, 'hardware': 340656, 'uptime': 940.44, 'credit': 0, 'salescounter': 8}
2025-03-04 16:49:24 - INFO - [340656] - 📤 Enviado dados: {'temperature': 39.375, 'hardware': 340656, 'uptime': 951.35, 'credit': 0, 'salescounter': 8}
2025-03-04 16:49:35 - INFO - [340656] - 📤 Enviado dados: {'temperature': 39.375, 'hardware': 340656, 'uptime': 962.32, 'credit': 0, 'salescounter': 8}
2025-03-04 16:49:46 - INFO - [340656] - 📤 Enviado dados: {'temperature': 39.375, 'hardware': 340656, 'uptime': 973.31, 'credit': 0, 'salescounter': 8}
2025-03-04 16:49:58 - INFO - [340656] - 📤 Enviado dados: {'temperature': 39.375, 'hardware': 340656, 'uptime': 984.94, 'credit': 0, 'salescounter': 8}
2025-03-04 16:50:09 - INFO - [340656] - 📤 Enviado dados: {'temperature': 39.312, 'hardware': 340656, 'uptime': 995.93, 'credit': 0, 'salescounter': 8}
2025-03-04 16:50:20 - INFO - [340656] - 📤 Enviado dados: {'temperature': 39.437, 'hardware': 340656, 'uptime': 1006.91, 'credit': 0, 'salescounter': 8}
2025-03-04 16:50:30 - INFO - [340656] - 📤 Enviado dados: {'temperature': 39.437, 'hardware': 340656, 'uptime': 1017.88, 'credit': 0, 'salescounter': 8}
2025-03-04 16:50:41 - INFO - [340656] - 📤 Enviado dados: {'temperature': 39.437, 'hardware': 340656, 'uptime': 1028.84, 'credit': 0, 'salescounter': 8}
2025-03-04 16:50:52 - INFO - [340656] - 📤 Enviado dados: {'temperature': 39.437, 'hardware': 340656, 'uptime': 1039.77, 'credit': 0, 'salescounter': 8}
2025-03-04 16:51:03 - INFO - [340656] - 📤 Enviado dados: {'temperature': 39.437, 'hardware': 340656, 'uptime': 1050.73, 'credit': 0, 'salescounter': 8}
2025-03-04 16:51:15 - INFO - [340656] - 📤 Enviado dados: {'temperature': 39.5, 'hardware': 340656, 'uptime': 1062.23, 'credit': 0, 'salescounter': 8}
2025-03-04 16:51:26 - INFO - [340656] - 📤 Enviado dados: {'temperature': 39.437, 'hardware': 340656, 'uptime': 1073.13, 'credit': 0, 'salescounter': 8}
2025-03-04 16:51:37 - INFO - [340656] - 📤 Enviado dados: {'temperature': 39.375, 'hardware': 340656, 'uptime': 1084.1, 'credit': 0, 'salescounter': 8}
2025-03-04 16:51:48 - INFO - [340656] - 📤 Enviado dados: {'temperature': 39.375, 'hardware': 340656, 'uptime': 1095.09, 'credit': 0, 'salescounter': 8}
2025-03-04 16:51:59 - INFO - [340656] - 📤 Enviado dados: {'temperature': 39.437, 'hardware': 340656, 'uptime': 1106.05, 'credit': 0, 'salescounter': 8}
2025-03-04 16:52:10 - INFO - [340656] - 📤 Enviado dados: {'temperature': 39.437, 'hardware': 340656, 'uptime': 1116.97, 'credit': 0, 'salescounter': 8}
2025-03-04 16:52:21 - INFO - [340656] - 📤 Enviado dados: {'temperature': 39.437, 'hardware': 340656, 'uptime': 1127.97, 'credit': 0, 'salescounter': 8}
2025-03-04 16:52:39 - INFO - [340656] - 🔌 Conectando ao servidor MQTT...
2025-03-04 16:52:39 - INFO - [340656] - Server: mqtt.eclipseprojects.io
2025-03-04 16:52:39 - INFO - [340656] - Port: 1883
2025-03-04 16:52:39 - INFO - [340656] - Topic: express/340656/publish
2025-03-04 16:52:45 - INFO - [340656] - ✅ Conectado ao MQTT com sucesso!
2025-03-04 16:52:45 - INFO - [340656] - 📤 Enviado dados: {'temperature': 39.187, 'hardware': 340656, 'uptime': 33.82, 'credit': 0, 'salescounter': 8}
2025-03-04 16:52:56 - INFO - [340656] - 📤 Enviado dados: {'temperature': 39.125, 'hardware': 340656, 'uptime': 44.78, 'credit': 0, 'salescounter': 8}
2025-03-04 16:55:14 - INFO - [340656] - 📤 Enviado dados: {'temperature': 39.0, 'hardware': 340656, 'uptime': 55.75, 'credit': 0, 'salescounter': 8}
2025-03-04 16:55:25 - INFO - [340656] - 📤 Enviado dados: {'temperature': 39.062, 'hardware': 340656, 'uptime': 66.72, 'credit': 0, 'salescounter': 8}
2025-03-04 16:55:36 - INFO - [340656] - 📤 Enviado dados: {'temperature': 39.062, 'hardware': 340656, 'uptime': 77.67, 'credit': 0, 'salescounter': 8}
2025-03-04 16:55:47 - INFO - [340656] - 📤 Enviado dados: {'temperature': 39.062, 'hardware': 340656, 'uptime': 88.59, 'credit': 0, 'salescounter': 8}
2025-03-04 16:55:58 - INFO - [340656] - 📤 Enviado dados: {'temperature': 38.937, 'hardware': 340656, 'uptime': 100.24, 'credit': 0, 'salescounter': 8}
2025-03-04 16:56:09 - INFO - [340656] - 📤 Enviado dados: {'temperature': 38.937, 'hardware': 340656, 'uptime': 111.24, 'credit': 0, 'salescounter': 8}
2025-03-04 16:56:21 - INFO - [340656] - 📤 Enviado dados: {'temperature': 38.875, 'hardware': 340656, 'uptime': 122.26, 'credit': 0, 'salescounter': 8}
2025-03-04 16:56:31 - INFO - [340656] - 📤 Enviado dados: {'temperature': 38.812, 'hardware': 340656, 'uptime': 133.24, 'credit': 0, 'salescounter': 8}
2025-03-04 16:56:42 - INFO - [340656] - 📤 Enviado dados: {'temperature': 38.937, 'hardware': 340656, 'uptime': 144.22, 'credit': 0, 'salescounter': 8}
2025-03-04 16:56:53 - INFO - [340656] - 📤 Enviado dados: {'temperature': 38.937, 'hardware': 340656, 'uptime': 155.23, 'credit': 0, 'salescounter': 8}
2025-03-04 16:57:04 - INFO - [340656] - 📤 Enviado dados: {'temperature': 38.875, 'hardware': 340656, 'uptime': 166.21, 'credit': 1, 'salescounter': 8}
2025-03-04 16:57:16 - INFO - [340656] - 📤 Enviado dados: {'temperature': 38.875, 'hardware': 340656, 'uptime': 177.8, 'credit': 0, 'salescounter': 9}
2025-03-04 16:57:27 - INFO - [340656] - 📤 Enviado dados: {'temperature': 38.937, 'hardware': 340656, 'uptime': 188.77, 'credit': 0, 'salescounter': 9}
2025-03-04 16:57:38 - INFO - [340656] - 📤 Enviado dados: {'temperature': 38.875, 'hardware': 340656, 'uptime': 199.79, 'credit': 0, 'salescounter': 9}
2025-03-04 16:57:49 - INFO - [340656] - 📤 Enviado dados: {'temperature': 38.937, 'hardware': 340656, 'uptime': 210.74, 'credit': 0, 'salescounter': 9}
2025-03-04 16:58:00 - INFO - [340656] - 📤 Enviado dados: {'temperature': 38.812, 'hardware': 340656, 'uptime': 221.77, 'credit': 0, 'salescounter': 9}
2025-03-04 16:58:11 - INFO - [340656] - 📤 Enviado dados: {'temperature': 38.875, 'hardware': 340656, 'uptime': 232.78, 'credit': 0, 'salescounter': 9}
2025-03-04 16:58:22 - INFO - [340656] - 📤 Enviado dados: {'temperature': 38.875, 'hardware': 340656, 'uptime': 243.78, 'credit': 0, 'salescounter': 9}
2025-03-04 16:58:34 - INFO - [340656] - 📤 Enviado dados: {'temperature': 38.875, 'hardware': 340656, 'uptime': 255.41, 'credit': 0, 'salescounter': 9}
2025-03-04 16:58:45 - INFO - [340656] - 📤 Enviado dados: {'temperature': 38.875, 'hardware': 340656, 'uptime': 266.4, 'credit': 0, 'salescounter': 9}
2025-03-04 16:58:59 - INFO - [340656] - 🔌 Conectando ao servidor MQTT...
2025-03-04 16:58:59 - INFO - [340656] - Server: mqtt.eclipseprojects.io
2025-03-04 16:58:59 - INFO - [340656] - Port: 1883
2025-03-04 16:58:59 - INFO - [340656] - Topic: express/340656/publish
2025-03-04 16:59:04 - INFO - [340656] - ✅ Conectado ao MQTT com sucesso!
2025-03-04 16:59:05 - INFO - [340656] - 📤 Enviado dados: {'temperature': 38.875, 'hardware': 340656, 'uptime': 286.78, 'credit': 0, 'salescounter': 9}
2025-03-04 16:59:20 - INFO - [340656] - 🔌 Conectando ao servidor MQTT...
2025-03-04 16:59:20 - INFO - [340656] - Server: mqtt.eclipseprojects.io
2025-03-04 16:59:20 - INFO - [340656] - Port: 1883
2025-03-04 16:59:20 - INFO - [340656] - Topic: express/340656/publish
2025-03-04 16:59:26 - INFO - [340656] - ✅ Conectado ao MQTT com sucesso!
2025-03-04 16:59:27 - INFO - [340656] - 📤 Enviado dados: {'temperature': 38.937, 'hardware': 340656, 'uptime': 308.27, 'credit': 0, 'salescounter': 9}
2025-03-04 16:59:30 - INFO - [340656] - Crédito Adicionado: 1
2025-03-04 16:59:33 - INFO - [340656] - Vendas realizadas: 10
2025-03-04 16:59:33 - INFO - [340656] - Routine -> START
2025-03-04 16:59:37 - INFO - [340656] - 📤 Enviado dados: {'temperature': 38.937, 'hardware': 340656, 'uptime': 319.26, 'credit': 0, 'salescounter': 10}
2025-03-04 16:59:39 - INFO - [340656] - Routine -> END
2025-03-04 16:59:48 - INFO - [340656] - 📤 Enviado dados: {'temperature': 39.062, 'hardware': 340656, 'uptime': 330.24, 'credit': 0, 'salescounter': 10}
2025-03-04 16:59:59 - INFO - [340656] - 📤 Enviado dados: {'temperature': 39.0, 'hardware': 340656, 'uptime': 341.22, 'credit': 0, 'salescounter': 10}
2025-03-04 17:00:10 - INFO - [340656] - 📤 Enviado dados: {'temperature': 39.0, 'hardware': 340656, 'uptime': 352.18, 'credit': 0, 'salescounter': 10}
2025-03-04 17:00:21 - INFO - [340656] - 📤 Enviado dados: {'temperature': 39.0, 'hardware': 340656, 'uptime': 363.13, 'credit': 0, 'salescounter': 10}
2025-03-04 17:00:33 - INFO - [340656] - 📤 Enviado dados: {'temperature': 39.0, 'hardware': 340656, 'uptime': 374.66, 'credit': 0, 'salescounter': 10}
2025-03-04 17:00:44 - INFO - [340656] - 📤 Enviado dados: {'temperature': 38.937, 'hardware': 340656, 'uptime': 385.63, 'credit': 0, 'salescounter': 10}
2025-03-04 17:00:55 - INFO - [340656] - 📤 Enviado dados: {'temperature': 39.0, 'hardware': 340656, 'uptime': 396.59, 'credit': 0, 'salescounter': 10}
2025-03-04 17:01:06 - INFO - [340656] - 📤 Enviado dados: {'temperature': 39.0, 'hardware': 340656, 'uptime': 407.57, 'credit': 0, 'salescounter': 10}
2025-03-04 17:01:17 - INFO - [340656] - 📤 Enviado dados: {'temperature': 39.062, 'hardware': 340656, 'uptime': 418.55, 'credit': 0, 'salescounter': 10}
2025-03-04 17:01:28 - INFO - [340656] - 📤 Enviado dados: {'temperature': 38.937, 'hardware': 340656, 'uptime': 429.49, 'credit': 0, 'salescounter': 10}
2025-03-04 17:01:39 - INFO - [340656] - 📤 Enviado dados: {'temperature': 38.937, 'hardware': 340656, 'uptime': 440.46, 'credit': 0, 'salescounter': 10}
2025-03-04 17:01:50 - INFO - [340656] - 📤 Enviado dados: {'temperature': 38.875, 'hardware': 340656, 'uptime': 452.09, 'credit': 0, 'salescounter': 10}
2025-03-04 17:02:01 - INFO - [340656] - 📤 Enviado dados: {'temperature': 38.875, 'hardware': 340656, 'uptime': 463.12, 'credit': 0, 'salescounter': 10}
2025-03-04 17:02:12 - INFO - [340656] - 📤 Enviado dados: {'temperature': 38.875, 'hardware': 340656, 'uptime': 474.08, 'credit': 0, 'salescounter': 10}
2025-03-04 17:02:23 - INFO - [340656] - 📤 Enviado dados: {'temperature': 38.937, 'hardware': 340656, 'uptime': 485.06, 'credit': 0, 'salescounter': 10}
2025-03-04 17:02:34 - INFO - [340656] - 📤 Enviado dados: {'temperature': 39.0, 'hardware': 340656, 'uptime': 496.03, 'credit': 0, 'salescounter': 10}
2025-03-04 17:02:45 - INFO - [340656] - 📤 Enviado dados: {'temperature': 39.0, 'hardware': 340656, 'uptime': 507.02, 'credit': 0, 'salescounter': 10}
2025-03-04 17:02:56 - INFO - [340656] - 📤 Enviado dados: {'temperature': 38.937, 'hardware': 340656, 'uptime': 518.03, 'credit': 0, 'salescounter': 10}
2025-03-04 17:03:07 - INFO - [340656] - 📤 Enviado dados: {'temperature': 38.937, 'hardware': 340656, 'uptime': 529.03, 'credit': 0, 'salescounter': 10}
